Choose a board (e.g. enter 7 for a 7*7 game board): 7
--------------------------------------------------
Welcome to Hex!
Instructions:
  | Player |  1  |  2  |
  | ------ | --- | --- |
  | Goal   | N-S | E-W |
  | Marker |  X  |  O  |
  Players alternate placing markers on unoccupied spaces, and
  who first links to his opposite side in an unbroken chain wins.
Board coordinates:
  top left     - 0 0
  bottom left  - 6 0
  top right    - 0 6
  bottom right - 6 6
When prompted, enter the coordinates for your next move in format: x y
Example: round 1 | now player 1's turn: 0 2
--------------------------------------------------
Game mode:
  1. human vs human
  2. human vs machine
Please choose a mode (1 or 2): 2
  You are player 1, machine is player 2.
Please choose the first player (1 or 2): 2
--------------------------------------------------
round 0 board
. - . - . - . - . - . - .
 \ / \ / \ / \ / \ / \ / \
  . - . - . - . - . - . - .
   \ / \ / \ / \ / \ / \ / \
    . - . - . - . - . - . - .
     \ / \ / \ / \ / \ / \ / \
      . - . - . - . - . - . - .
       \ / \ / \ / \ / \ / \ / \
        . - . - . - . - . - . - .
         \ / \ / \ / \ / \ / \ / \
          . - . - . - . - . - . - .
           \ / \ / \ / \ / \ / \ / \
            . - . - . - . - . - . - .
--------------------------------------------------
(machine move) round 1 | now player 2's turn: (2,3)
               time taken: 7 s
--------------------------------------------------
round 1 board
. - . - . - . - . - . - .
 \ / \ / \ / \ / \ / \ / \
  . - . - . - . - . - . - .
   \ / \ / \ / \ / \ / \ / \
    . - . - . - O - . - . - .
     \ / \ / \ / \ / \ / \ / \
      . - . - . - . - . - . - .
       \ / \ / \ / \ / \ / \ / \
        . - . - . - . - . - . - .
         \ / \ / \ / \ / \ / \ / \
          . - . - . - . - . - . - .
           \ / \ / \ / \ / \ / \ / \
            . - . - . - . - . - . - .
--------------------------------------------------
round 2 | now player 1's turn: 2 2
--------------------------------------------------
round 2 board
. - . - . - . - . - . - .
 \ / \ / \ / \ / \ / \ / \
  . - . - . - . - . - . - .
   \ / \ / \ / \ / \ / \ / \
    . - . - X - O - . - . - .
     \ / \ / \ / \ / \ / \ / \
      . - . - . - . - . - . - .
       \ / \ / \ / \ / \ / \ / \
        . - . - . - . - . - . - .
         \ / \ / \ / \ / \ / \ / \
          . - . - . - . - . - . - .
           \ / \ / \ / \ / \ / \ / \
            . - . - . - . - . - . - .
--------------------------------------------------
(machine move) round 3 | now player 2's turn: (3,2)
               time taken: 7 s
--------------------------------------------------
round 3 board
. - . - . - . - . - . - .
 \ / \ / \ / \ / \ / \ / \
  . - . - . - . - . - . - .
   \ / \ / \ / \ / \ / \ / \
    . - . - X - O - . - . - .
     \ / \ / \ / \ / \ / \ / \
      . - . - O - . - . - . - .
       \ / \ / \ / \ / \ / \ / \
        . - . - . - . - . - . - .
         \ / \ / \ / \ / \ / \ / \
          . - . - . - . - . - . - .
           \ / \ / \ / \ / \ / \ / \
            . - . - . - . - . - . - .
--------------------------------------------------
round 4 | now player 1's turn: 2 4
--------------------------------------------------
round 4 board
. - . - . - . - . - . - .
 \ / \ / \ / \ / \ / \ / \
  . - . - . - . - . - . - .
   \ / \ / \ / \ / \ / \ / \
    . - . - X - O - X - . - .
     \ / \ / \ / \ / \ / \ / \
      . - . - O - . - . - . - .
       \ / \ / \ / \ / \ / \ / \
        . - . - . - . - . - . - .
         \ / \ / \ / \ / \ / \ / \
          . - . - . - . - . - . - .
           \ / \ / \ / \ / \ / \ / \
            . - . - . - . - . - . - .
--------------------------------------------------
(machine move) round 5 | now player 2's turn: (1,4)
               time taken: 7 s
--------------------------------------------------
round 5 board
. - . - . - . - . - . - .
 \ / \ / \ / \ / \ / \ / \
  . - . - . - . - O - . - .
   \ / \ / \ / \ / \ / \ / \
    . - . - X - O - X - . - .
     \ / \ / \ / \ / \ / \ / \
      . - . - O - . - . - . - .
       \ / \ / \ / \ / \ / \ / \
        . - . - . - . - . - . - .
         \ / \ / \ / \ / \ / \ / \
          . - . - . - . - . - . - .
           \ / \ / \ / \ / \ / \ / \
            . - . - . - . - . - . - .
--------------------------------------------------
round 6 | now player 1's turn: 1 5
--------------------------------------------------
round 6 board
. - . - . - . - . - . - .
 \ / \ / \ / \ / \ / \ / \
  . - . - . - . - O - X - .
   \ / \ / \ / \ / \ / \ / \
    . - . - X - O - X - . - .
     \ / \ / \ / \ / \ / \ / \
      . - . - O - . - . - . - .
       \ / \ / \ / \ / \ / \ / \
        . - . - . - . - . - . - .
         \ / \ / \ / \ / \ / \ / \
          . - . - . - . - . - . - .
           \ / \ / \ / \ / \ / \ / \
            . - . - . - . - . - . - .
--------------------------------------------------
(machine move) round 7 | now player 2's turn: (3,4)
               time taken: 7 s
--------------------------------------------------
round 7 board
. - . - . - . - . - . - .
 \ / \ / \ / \ / \ / \ / \
  . - . - . - . - O - X - .
   \ / \ / \ / \ / \ / \ / \
    . - . - X - O - X - . - .
     \ / \ / \ / \ / \ / \ / \
      . - . - O - . - O - . - .
       \ / \ / \ / \ / \ / \ / \
        . - . - . - . - . - . - .
         \ / \ / \ / \ / \ / \ / \
          . - . - . - . - . - . - .
           \ / \ / \ / \ / \ / \ / \
            . - . - . - . - . - . - .
--------------------------------------------------
round 8 | now player 1's turn: 3 3
--------------------------------------------------
round 8 board
. - . - . - . - . - . - .
 \ / \ / \ / \ / \ / \ / \
  . - . - . - . - O - X - .
   \ / \ / \ / \ / \ / \ / \
    . - . - X - O - X - . - .
     \ / \ / \ / \ / \ / \ / \
      . - . - O - X - O - . - .
       \ / \ / \ / \ / \ / \ / \
        . - . - . - . - . - . - .
         \ / \ / \ / \ / \ / \ / \
          . - . - . - . - . - . - .
           \ / \ / \ / \ / \ / \ / \
            . - . - . - . - . - . - .
--------------------------------------------------
(machine move) round 9 | now player 2's turn: (0,6)
               time taken: 6 s
--------------------------------------------------
round 9 board
. - . - . - . - . - . - O
 \ / \ / \ / \ / \ / \ / \
  . - . - . - . - O - X - .
   \ / \ / \ / \ / \ / \ / \
    . - . - X - O - X - . - .
     \ / \ / \ / \ / \ / \ / \
      . - . - O - X - O - . - .
       \ / \ / \ / \ / \ / \ / \
        . - . - . - . - . - . - .
         \ / \ / \ / \ / \ / \ / \
          . - . - . - . - . - . - .
           \ / \ / \ / \ / \ / \ / \
            . - . - . - . - . - . - .
--------------------------------------------------
round 10 | now player 1's turn: 0 5
--------------------------------------------------
round 10 board
. - . - . - . - . - X - O
 \ / \ / \ / \ / \ / \ / \
  . - . - . - . - O - X - .
   \ / \ / \ / \ / \ / \ / \
    . - . - X - O - X - . - .
     \ / \ / \ / \ / \ / \ / \
      . - . - O - X - O - . - .
       \ / \ / \ / \ / \ / \ / \
        . - . - . - . - . - . - .
         \ / \ / \ / \ / \ / \ / \
          . - . - . - . - . - . - .
           \ / \ / \ / \ / \ / \ / \
            . - . - . - . - . - . - .
--------------------------------------------------
(machine move) round 11 | now player 2's turn: (4,3)
               time taken: 6 s
--------------------------------------------------
round 11 board
. - . - . - . - . - X - O
 \ / \ / \ / \ / \ / \ / \
  . - . - . - . - O - X - .
   \ / \ / \ / \ / \ / \ / \
    . - . - X - O - X - . - .
     \ / \ / \ / \ / \ / \ / \
      . - . - O - X - O - . - .
       \ / \ / \ / \ / \ / \ / \
        . - . - . - O - . - . - .
         \ / \ / \ / \ / \ / \ / \
          . - . - . - . - . - . - .
           \ / \ / \ / \ / \ / \ / \
            . - . - . - . - . - . - .
--------------------------------------------------
round 12 | now player 1's turn: 4 2
--------------------------------------------------
round 12 board
. - . - . - . - . - X - O
 \ / \ / \ / \ / \ / \ / \
  . - . - . - . - O - X - .
   \ / \ / \ / \ / \ / \ / \
    . - . - X - O - X - . - .
     \ / \ / \ / \ / \ / \ / \
      . - . - O - X - O - . - .
       \ / \ / \ / \ / \ / \ / \
        . - . - X - O - . - . - .
         \ / \ / \ / \ / \ / \ / \
          . - . - . - . - . - . - .
           \ / \ / \ / \ / \ / \ / \
            . - . - . - . - . - . - .
--------------------------------------------------
(machine move) round 13 | now player 2's turn: (5,2)
               time taken: 7 s
--------------------------------------------------
round 13 board
. - . - . - . - . - X - O
 \ / \ / \ / \ / \ / \ / \
  . - . - . - . - O - X - .
   \ / \ / \ / \ / \ / \ / \
    . - . - X - O - X - . - .
     \ / \ / \ / \ / \ / \ / \
      . - . - O - X - O - . - .
       \ / \ / \ / \ / \ / \ / \
        . - . - X - O - . - . - .
         \ / \ / \ / \ / \ / \ / \
          . - . - O - . - . - . - .
           \ / \ / \ / \ / \ / \ / \
            . - . - . - . - . - . - .
--------------------------------------------------
round 14 | now player 1's turn: 5 1
--------------------------------------------------
round 14 board
. - . - . - . - . - X - O
 \ / \ / \ / \ / \ / \ / \
  . - . - . - . - O - X - .
   \ / \ / \ / \ / \ / \ / \
    . - . - X - O - X - . - .
     \ / \ / \ / \ / \ / \ / \
      . - . - O - X - O - . - .
       \ / \ / \ / \ / \ / \ / \
        . - . - X - O - . - . - .
         \ / \ / \ / \ / \ / \ / \
          . - X - O - . - . - . - .
           \ / \ / \ / \ / \ / \ / \
            . - . - . - . - . - . - .
--------------------------------------------------
(machine move) round 15 | now player 2's turn: (6,1)
               time taken: 5 s
--------------------------------------------------
round 15 board
. - . - . - . - . - X - O
 \ / \ / \ / \ / \ / \ / \
  . - . - . - . - O - X - .
   \ / \ / \ / \ / \ / \ / \
    . - . - X - O - X - . - .
     \ / \ / \ / \ / \ / \ / \
      . - . - O - X - O - . - .
       \ / \ / \ / \ / \ / \ / \
        . - . - X - O - . - . - .
         \ / \ / \ / \ / \ / \ / \
          . - X - O - . - . - . - .
           \ / \ / \ / \ / \ / \ / \
            . - O - . - . - . - . - .
--------------------------------------------------
round 16 | now player 1's turn: 6 0
--------------------------------------------------
Game result:
  Player 1 wins!
  Player 2 loses!
